\BOOKMARK [0][-]{chapter.1}{Título}{}% 1
\BOOKMARK [0][-]{chapter.2}{Introducción}{}% 2
\BOOKMARK [0][-]{chapter.3}{Descripción General del Proyecto}{}% 3
\BOOKMARK [1][-]{section.3.1}{Definición del Problema}{chapter.3}% 4
\BOOKMARK [1][-]{section.3.2}{Aspectos\040a\040Solucionar}{chapter.3}% 5
\BOOKMARK [1][-]{section.3.3}{Solución Propuesta}{chapter.3}% 6
\BOOKMARK [0][-]{chapter.4}{Estado\040del\040Arte}{}% 7
\BOOKMARK [1][-]{section.4.1}{Marco de Referencia Teórico}{chapter.4}% 8
\BOOKMARK [2][-]{subsection.4.1.1}{Conceptos\040Generales\040de\040una\040SD-WAN}{section.4.1}% 9
\BOOKMARK [2][-]{subsection.4.1.2}{Modelos\040de\040Programabilidad\040de\040Red}{section.4.1}% 10
\BOOKMARK [2][-]{subsection.4.1.3}{Network\040Function\040Virtualization\040\(NFV\)}{section.4.1}% 11
\BOOKMARK [2][-]{subsection.4.1.4}{OpenFlow}{section.4.1}% 12
\BOOKMARK [2][-]{subsection.4.1.5}{NETCONF}{section.4.1}% 13
\BOOKMARK [2][-]{subsection.4.1.6}{Modelos\040de\040datos}{section.4.1}% 14
\BOOKMARK [2][-]{subsection.4.1.7}{RESTful\040APIs}{section.4.1}% 15
\BOOKMARK [2][-]{subsection.4.1.8}{RESTCONF}{section.4.1}% 16
\BOOKMARK [1][-]{section.4.2}{Marco de Referencia Tecnológico}{chapter.4}% 17
\BOOKMARK [2][-]{subsection.4.2.1}{IWAN}{section.4.2}% 18
\BOOKMARK [2][-]{subsection.4.2.2}{DMVPN}{section.4.2}% 19
\BOOKMARK [2][-]{subsection.4.2.3}{WAAS}{section.4.2}% 20
\BOOKMARK [2][-]{subsection.4.2.4}{EIGRP}{section.4.2}% 21
\BOOKMARK [2][-]{subsection.4.2.5}{PFR}{section.4.2}% 22
\BOOKMARK [1][-]{section.4.3}{Open\040Daylight}{chapter.4}% 23
\BOOKMARK [1][-]{section.4.4}{Cisco\040VIPTELA}{chapter.4}% 24
\BOOKMARK [1][-]{section.4.5}{NSX\040SD-WAN}{chapter.4}% 25
\BOOKMARK [1][-]{section.4.6}{WAN\040definida\040por\040software\040\(SD-WAN\)}{chapter.4}% 26
\BOOKMARK [0][-]{chapter.5}{Glosario de Términos}{}% 27
\BOOKMARK [0][-]{chapter.6}{Justificación}{}% 28
\BOOKMARK [0][-]{chapter.7}{Objetivos}{}% 29
\BOOKMARK [1][-]{section.7.1}{Objetivo\040General}{chapter.7}% 30
\BOOKMARK [1][-]{section.7.2}{Objetivos Específicos}{chapter.7}% 31
\BOOKMARK [0][-]{chapter.8}{Requerimientos}{}% 32
\BOOKMARK [1][-]{section.8.1}{Requerimientos\040Funcionales}{chapter.8}% 33
\BOOKMARK [1][-]{section.8.2}{Requerimientos\040no\040Funcionales}{chapter.8}% 34
\BOOKMARK [0][-]{chapter.9}{Metodología de Desarrollo}{}% 35
\BOOKMARK [1][-]{section.9.1}{Utilización de la Metodología del Project Management Institute \(PMI\)}{chapter.9}% 36
\BOOKMARK [0][-]{chapter.10}{Diseño de una Red SD-WAN}{}% 37
\BOOKMARK [1][-]{section.10.1}{Inversión para una SD-WAN}{chapter.10}% 38
\BOOKMARK [1][-]{section.10.2}{Precios\040en\040una\040Red\040SD-WAN}{chapter.10}% 39
\BOOKMARK [1][-]{section.10.3}{Costos para Implementación en Infraestructura Cloud}{chapter.10}% 40
\BOOKMARK [2][-]{subsection.10.3.1}{Amazon}{section.10.3}% 41
\BOOKMARK [2][-]{subsection.10.3.2}{Microsoft\040Azure}{section.10.3}% 42
\BOOKMARK [2][-]{subsection.10.3.3}{Google\040Cloud}{section.10.3}% 43
\BOOKMARK [2][-]{subsection.10.3.4}{Oracle\040Cloud}{section.10.3}% 44
\BOOKMARK [1][-]{section.10.4}{Análisis de Inversión para Cloud}{chapter.10}% 45
\BOOKMARK [2][-]{subsection.10.4.1}{Enfoque\040al\040Cliente:\040Costo,\040Confiabilidad,\040Seguridad}{section.10.4}% 46
\BOOKMARK [1][-]{section.10.5}{Controladores\040de\040Negocio\040SD-WAN}{chapter.10}% 47
\BOOKMARK [1][-]{section.10.6}{Introducción a SD-WAN}{chapter.10}% 48
\BOOKMARK [1][-]{section.10.7}{Tipos\040de\040Arquitectura\040SD-WAN}{chapter.10}% 49
\BOOKMARK [2][-]{subsection.10.7.1}{Enfoque\040de\040una\040SD-WAN}{section.10.7}% 50
\BOOKMARK [2][-]{subsection.10.7.2}{Cloud}{section.10.7}% 51
\BOOKMARK [2][-]{subsection.10.7.3}{Cloud\040Backbone}{section.10.7}% 52
\BOOKMARK [1][-]{section.10.8}{Selección de Proveedor y Tecnología}{chapter.10}% 53
\BOOKMARK [1][-]{section.10.9}{Ventajas y Desventajas de la Solución Propuesta}{chapter.10}% 54
\BOOKMARK [1][-]{section.10.10}{Requerimientos\040de\040Aplicaciones}{chapter.10}% 55
\BOOKMARK [1][-]{section.10.11}{Requerimientos\040de\040Ancho\040de\040Banda}{chapter.10}% 56
\BOOKMARK [2][-]{subsection.10.11.1}{Sede Nacional Tocancipá:}{section.10.11}% 57
\BOOKMARK [2][-]{subsection.10.11.2}{Sede Nacional Medellín:}{section.10.11}% 58
\BOOKMARK [2][-]{subsection.10.11.3}{Sede\040Nacional\040Antioquia\040Norte:}{section.10.11}% 59
\BOOKMARK [2][-]{subsection.10.11.4}{Sede\040Nacional\040Antioquia\040Norte:}{section.10.11}% 60
\BOOKMARK [1][-]{section.10.12}{Diseño del DataCenter}{chapter.10}% 61
\BOOKMARK [1][-]{section.10.13}{Diseño de Sedes Remotas}{chapter.10}% 62
\BOOKMARK [1][-]{section.10.14}{Diseño de Tiendas}{chapter.10}% 63
\BOOKMARK [1][-]{section.10.15}{Diseño de Regionales}{chapter.10}% 64
\BOOKMARK [1][-]{section.10.16}{Diseño de Sedes Nacionales}{chapter.10}% 65
\BOOKMARK [1][-]{section.10.17}{Diseño de Enrutamiento}{chapter.10}% 66
\BOOKMARK [1][-]{section.10.18}{Simulación}{chapter.10}% 67
\BOOKMARK [2][-]{subsection.10.18.1}{Infraestructura Utilizada para la Simulación}{section.10.18}% 68
\BOOKMARK [2][-]{subsection.10.18.2}{Topologías y Configuraciones Realizadas}{section.10.18}% 69
\BOOKMARK [0][-]{chapter.11}{Resultados}{}% 70
\BOOKMARK [0][-]{chapter.12}{Discusión}{}% 71
\BOOKMARK [0][-]{chapter.13}{Conclusiones}{}% 72
\BOOKMARK [0][-]{chapter*.77}{Bibliografia}{}% 73
\BOOKMARK [0][-]{section*.78}{Anexos}{}% 74
\BOOKMARK [0][-]{annex.1}{Anexo}{}% 75
\BOOKMARK [0][-]{annex.2}{Anexo\0402}{}% 76
\BOOKMARK [0][-]{annex.3}{Anexo\0403}{}% 77
